\BOOKMARK [0][-]{figure.caption.1}{\376\377\000D\000A\000F\000T\000A\000R\000\040\000G\000A\000M\000B\000A\000R}{}% 1
\BOOKMARK [0][-]{figure.caption.1}{\376\377\000D\000A\000F\000T\000A\000R\000\040\000T\000A\000B\000E\000L}{}% 2
\BOOKMARK [0][-]{chapter*.2}{\376\377\000=\000D\000A\000F\000T\000A\000R\000\040\000K\000O\000D\000E}{}% 3
\BOOKMARK [0][-]{chapter.1}{\376\377\000P\000E\000N\000D\000A\000H\000U\000L\000U\000A\000N}{}% 4
\BOOKMARK [1][-]{section.1.1}{\376\377\000L\000a\000t\000a\000r\000\040\000B\000e\000l\000a\000k\000a\000n\000g}{chapter.1}% 5
\BOOKMARK [1][-]{section.1.2}{\376\377\000R\000u\000m\000u\000s\000a\000n\000\040\000M\000a\000s\000a\000l\000a\000h}{chapter.1}% 6
\BOOKMARK [1][-]{section.1.3}{\376\377\000T\000u\000j\000u\000a\000n}{chapter.1}% 7
\BOOKMARK [1][-]{section.1.4}{\376\377\000B\000a\000t\000a\000s\000a\000n\000\040\000M\000a\000s\000a\000l\000a\000h}{chapter.1}% 8
\BOOKMARK [1][-]{section.1.5}{\376\377\000M\000e\000t\000o\000d\000o\000l\000o\000g\000i}{chapter.1}% 9
\BOOKMARK [0][-]{chapter.2}{\376\377\000S\000T\000U\000D\000I\000\040\000L\000I\000T\000E\000R\000A\000T\000U\000R}{}% 10
\BOOKMARK [1][-]{section.2.1}{\376\377\000I\000n\000f\000o\000r\000m\000a\000t\000i\000o\000n\000\040\000G\000a\000t\000h\000e\000r\000i\000n\000g}{chapter.2}% 11
\BOOKMARK [1][-]{section.2.2}{\376\377\000S\000o\000c\000i\000a\000l\000\040\000E\000n\000g\000i\000n\000e\000e\000r\000i\000n\000g}{chapter.2}% 12
\BOOKMARK [1][-]{section.2.3}{\376\377\000C\000y\000b\000e\000r\000\040\000S\000e\000c\000u\000r\000i\000t\000y}{chapter.2}% 13
\BOOKMARK [1][-]{section.2.4}{\376\377\000A\000n\000t\000i\000-\000S\000p\000y\000w\000a\000r\000e}{chapter.2}% 14
\BOOKMARK [2][-]{subsection.2.4.1}{\376\377\000E\000n\000d\000p\000o\000i\000n\000t\000\040\000D\000e\000t\000e\000c\000t\000i\000o\000n\000\040\000a\000n\000d\000\040\000R\000e\000s\000p\000o\000n\000s\000e\000\040\000\050\000E\000D\000R\000\051}{section.2.4}% 15
\BOOKMARK [2][-]{subsection.2.4.2}{\376\377\000s\000h\000o\000r\000t}{section.2.4}% 16
\BOOKMARK [2][-]{subsection.2.4.3}{\376\377\000s\000h\000o\000r\000t}{section.2.4}% 17
\BOOKMARK [2][-]{subsection.2.4.4}{\376\377\000s\000h\000o\000r\000t}{section.2.4}% 18
\BOOKMARK [1][-]{section.2.5}{\376\377\000M\000a\000l\000w\000a\000r\000e}{chapter.2}% 19
\BOOKMARK [2][-]{subsection.2.5.1}{\376\377\000s\000h\000o\000r\000t}{section.2.5}% 20
\BOOKMARK [2][-]{subsection.2.5.2}{\376\377\000s\000h\000o\000r\000t}{section.2.5}% 21
\BOOKMARK [1][-]{section.2.6}{\376\377\000S\000p\000y\000w\000a\000r\000e}{chapter.2}% 22
\BOOKMARK [2][-]{subsection.2.6.1}{\376\377\000s\000h\000o\000r\000t}{section.2.6}% 23
\BOOKMARK [2][-]{subsection.2.6.2}{\376\377\000s\000h\000o\000r\000t}{section.2.6}% 24
\BOOKMARK [2][-]{subsection.2.6.3}{\376\377\000s\000h\000o\000r\000t}{section.2.6}% 25
\BOOKMARK [1][-]{section.2.7}{\376\377\000S\000t\000u\000d\000i\000\040\000S\000e\000b\000e\000l\000u\000m\000n\000y\000a}{chapter.2}% 26
\BOOKMARK [0][-]{chapter.3}{\376\377\000A\000N\000A\000L\000I\000S\000I\000S\000\040\000M\000A\000S\000A\000L\000A\000H}{}% 27
\BOOKMARK [1][-]{section.3.1}{\376\377\000A\000n\000a\000l\000i\000s\000i\000s\000\040\000K\000o\000n\000d\000i\000s\000i\000\040\000S\000a\000a\000t\000\040\000I\000n\000i}{chapter.3}% 28
\BOOKMARK [2][-]{subsection.3.1.1}{}{section.3.1}% 29
\BOOKMARK [2][-]{subsection.3.1.2}{}{section.3.1}% 30
\BOOKMARK [2][-]{subsection.3.1.3}{}{section.3.1}% 31
\BOOKMARK [2][-]{subsection.3.1.4}{}{section.3.1}% 32
\BOOKMARK [2][-]{subsection.3.1.5}{\376\377\000s\000h\000o\000r\000t}{section.3.1}% 33
\BOOKMARK [2][-]{subsection.3.1.6}{\376\377\000s\000h\000o\000r\000t}{section.3.1}% 34
\BOOKMARK [1][-]{section.3.2}{\376\377\000A\000n\000a\000l\000i\000s\000i\000s\000\040\000K\000e\000b\000u\000t\000u\000h\000a\000n}{chapter.3}% 35
\BOOKMARK [2][-]{subsection.3.2.1}{\376\377\000K\000e\000b\000u\000t\000u\000h\000a\000n\000\040\000F\000u\000n\000g\000s\000i\000o\000n\000a\000l}{section.3.2}% 36
\BOOKMARK [2][-]{subsection.3.2.2}{\376\377\000K\000e\000b\000u\000t\000u\000h\000a\000n\000\040\000N\000o\000n\000f\000u\000n\000g\000s\000i\000o\000n\000a\000l}{section.3.2}% 37
\BOOKMARK [1][-]{section.3.3}{\376\377\000A\000n\000a\000l\000i\000s\000i\000s\000\040\000P\000e\000m\000i\000l\000i\000h\000a\000n\000\040\000S\000o\000l\000u\000s\000i}{chapter.3}% 38
\BOOKMARK [2][-]{subsection.3.3.1}{\376\377\000A\000l\000t\000e\000r\000n\000a\000t\000i\000f\000\040\000S\000o\000l\000u\000s\000i}{section.3.3}% 39
\BOOKMARK [2][-]{subsection.3.3.2}{\376\377\000s\000h\000o\000r\000t}{section.3.3}% 40
\BOOKMARK [2][-]{subsection.3.3.3}{\376\377\000s\000h\000o\000r\000t}{section.3.3}% 41
\BOOKMARK [2][-]{subsection.3.3.4}{\376\377\000s\000h\000o\000r\000t}{section.3.3}% 42
\BOOKMARK [2][-]{subsection.3.3.5}{\376\377\000A\000n\000a\000l\000i\000s\000i\000s\000\040\000P\000e\000n\000e\000n\000t\000u\000a\000n\000\040\000S\000o\000l\000u\000s\000i}{section.3.3}% 43
\BOOKMARK [0][-]{chapter.4}{\376\377\000D\000E\000S\000A\000I\000N\000\040\000K\000O\000N\000S\000E\000P\000\040\000S\000O\000L\000U\000S\000I}{}% 44
\BOOKMARK [0][-]{chapter.5}{\376\377\000R\000E\000N\000C\000A\000N\000A\000\040\000S\000E\000L\000A\000N\000J\000U\000T\000N\000Y\000A}{}% 45
